<?xml version="1.0" encoding="UTF-8"?>
<testng-results skipped="0" failed="0" ignored="0" total="1" passed="1">
  <reporter-output>
  </reporter-output>
  <suite name="Default suite" duration-ms="8126" started-at="2023-09-11T01:19:25 IST" finished-at="2023-09-11T01:19:34 IST">
    <groups>
    </groups>
    <test name="Default test" duration-ms="8126" started-at="2023-09-11T01:19:25 IST" finished-at="2023-09-11T01:19:34 IST">
      <class name="classes.Test3">
        <test-method status="PASS" signature="method()[pri:0, instance:classes.Test3@6950e31]" name="method" duration-ms="8071" started-at="2023-09-11T01:19:25 IST" finished-at="2023-09-11T01:19:34 IST">
          <reporter-output>
          </reporter-output>
        </test-method> <!-- method -->
      </class> <!-- classes.Test3 -->
    </test> <!-- Default test -->
  </suite> <!-- Default suite -->
</testng-results>
